<?xml version="1.0" encoding="UTF-8"?>
<testng-results skipped="0" failed="0" ignored="0" total="3" passed="3">
  <reporter-output>
  </reporter-output>
  <suite name="FirstTests" duration-ms="37545" started-at="2019-04-02T05:01:10Z" finished-at="2019-04-02T05:01:47Z">
    <groups>
    </groups>
    <test name="NegativeTestsEdcast-CH" duration-ms="12912" started-at="2019-04-02T05:01:10Z" finished-at="2019-04-02T05:01:23Z">
      <class name="com.edcast.loginpage.NegativeTestsEdcastLogIn">
        <test-method status="PASS" signature="setUp(java.lang.String)[pri:0, instance:com.edcast.loginpage.NegativeTestsEdcastLogIn@77caeb3e]" name="setUp" is-config="true" duration-ms="3272" started-at="2019-04-02T05:01:10Z" finished-at="2019-04-02T05:01:13Z">
          <params>
            <param index="0">
              <value>
                <![CDATA[chrome]]>
              </value>
            </param>
          </params>
          <reporter-output>
          </reporter-output>
        </test-method> <!-- setUp -->
        <test-method status="PASS" signature="incorrectUserName(java.lang.String, java.lang.String)[pri:0, instance:com.edcast.loginpage.NegativeTestsEdcastLogIn@77caeb3e]" name="incorrectUserName" duration-ms="8924" started-at="2019-04-02T05:01:13Z" finished-at="2019-04-02T05:01:22Z">
          <params>
            <param index="0">
              <value>
                <![CDATA[fortest.andrew12@gmail.com]]>
              </value>
            </param>
            <param index="1">
              <value>
                <![CDATA[Aa8452006027?]]>
              </value>
            </param>
          </params>
          <reporter-output>
          </reporter-output>
        </test-method> <!-- incorrectUserName -->
        <test-method status="PASS" signature="tearDown()[pri:0, instance:com.edcast.loginpage.NegativeTestsEdcastLogIn@77caeb3e]" name="tearDown" is-config="true" duration-ms="678" started-at="2019-04-02T05:01:22Z" finished-at="2019-04-02T05:01:23Z">
          <reporter-output>
          </reporter-output>
        </test-method> <!-- tearDown -->
      </class> <!-- com.edcast.loginpage.NegativeTestsEdcastLogIn -->
    </test> <!-- NegativeTestsEdcast-CH -->
    <test name="ForgotPasswordEdcast-CH" duration-ms="12378" started-at="2019-04-02T05:01:23Z" finished-at="2019-04-02T05:01:35Z">
      <class name="com.edcast.loginpage.ForgotPasswordEdcastLogIn">
        <test-method status="PASS" signature="setUp(java.lang.String)[pri:0, instance:com.edcast.loginpage.ForgotPasswordEdcastLogIn@3c0ecd4b]" name="setUp" is-config="true" duration-ms="2412" started-at="2019-04-02T05:01:23Z" finished-at="2019-04-02T05:01:25Z">
          <params>
            <param index="0">
              <value>
                <![CDATA[chrome]]>
              </value>
            </param>
          </params>
          <reporter-output>
          </reporter-output>
        </test-method> <!-- setUp -->
        <test-method status="PASS" signature="logInTest(java.lang.String)[pri:0, instance:com.edcast.loginpage.ForgotPasswordEdcastLogIn@3c0ecd4b]" name="logInTest" duration-ms="9281" started-at="2019-04-02T05:01:25Z" finished-at="2019-04-02T05:01:35Z">
          <params>
            <param index="0">
              <value>
                <![CDATA[fortest.andrew12@gmail.com]]>
              </value>
            </param>
          </params>
          <reporter-output>
          </reporter-output>
        </test-method> <!-- logInTest -->
        <test-method status="PASS" signature="tearDown()[pri:0, instance:com.edcast.loginpage.ForgotPasswordEdcastLogIn@3c0ecd4b]" name="tearDown" is-config="true" duration-ms="682" started-at="2019-04-02T05:01:35Z" finished-at="2019-04-02T05:01:35Z">
          <reporter-output>
          </reporter-output>
        </test-method> <!-- tearDown -->
      </class> <!-- com.edcast.loginpage.ForgotPasswordEdcastLogIn -->
    </test> <!-- ForgotPasswordEdcast-CH -->
    <test name="PositiveTestsEdcast-CH" duration-ms="12128" started-at="2019-04-02T05:01:35Z" finished-at="2019-04-02T05:01:47Z">
      <class name="com.edcast.loginpage.PositiveTestsEdcastLogIn">
        <test-method status="PASS" signature="setUp(java.lang.String)[pri:0, instance:com.edcast.loginpage.PositiveTestsEdcastLogIn@6500df86]" name="setUp" is-config="true" duration-ms="2473" started-at="2019-04-02T05:01:35Z" finished-at="2019-04-02T05:01:38Z">
          <params>
            <param index="0">
              <value>
                <![CDATA[chrome]]>
              </value>
            </param>
          </params>
          <reporter-output>
          </reporter-output>
        </test-method> <!-- setUp -->
        <test-method status="PASS" signature="correctUserName(java.lang.String, java.lang.String)[pri:0, instance:com.edcast.loginpage.PositiveTestsEdcastLogIn@6500df86]" name="correctUserName" duration-ms="8940" started-at="2019-04-02T05:01:38Z" finished-at="2019-04-02T05:01:47Z">
          <params>
            <param index="0">
              <value>
                <![CDATA[fortest.andrew@gmail.com]]>
              </value>
            </param>
            <param index="1">
              <value>
                <![CDATA[Aa8452006027?]]>
              </value>
            </param>
          </params>
          <reporter-output>
          </reporter-output>
        </test-method> <!-- correctUserName -->
        <test-method status="PASS" signature="tearDown()[pri:0, instance:com.edcast.loginpage.PositiveTestsEdcastLogIn@6500df86]" name="tearDown" is-config="true" duration-ms="709" started-at="2019-04-02T05:01:47Z" finished-at="2019-04-02T05:01:47Z">
          <reporter-output>
          </reporter-output>
        </test-method> <!-- tearDown -->
      </class> <!-- com.edcast.loginpage.PositiveTestsEdcastLogIn -->
    </test> <!-- PositiveTestsEdcast-CH -->
  </suite> <!-- FirstTests -->
</testng-results>
