<?xml version="1.0" encoding="UTF-8"?>
<testng-results skipped="0" failed="0" ignored="0" total="3" passed="3">
  <reporter-output>
  </reporter-output>
  <suite name="FirstTests" duration-ms="46304" started-at="2019-03-21T07:33:29Z" finished-at="2019-03-21T07:34:15Z">
    <groups>
    </groups>
    <test name="NegativeTestsEdcast-FF" duration-ms="15614" started-at="2019-03-21T07:33:29Z" finished-at="2019-03-21T07:33:45Z">
      <class name="com.edcast.NegativeTestsEdcast">
        <test-method status="PASS" signature="setUp(java.lang.String)[pri:0, instance:com.edcast.NegativeTestsEdcast@4909b8da]" name="setUp" is-config="true" duration-ms="5283" started-at="2019-03-21T07:33:29Z" finished-at="2019-03-21T07:33:34Z">
          <params>
            <param index="0">
              <value>
                <![CDATA[chrome]]>
              </value>
            </param>
          </params>
          <reporter-output>
          </reporter-output>
        </test-method> <!-- setUp -->
        <test-method status="PASS" signature="incorrectUserName(java.lang.String, java.lang.String)[pri:0, instance:com.edcast.NegativeTestsEdcast@4909b8da]" name="incorrectUserName" duration-ms="9545" started-at="2019-03-21T07:33:34Z" finished-at="2019-03-21T07:33:44Z">
          <params>
            <param index="0">
              <value>
                <![CDATA[fortest.andrew12@gmail.com]]>
              </value>
            </param>
            <param index="1">
              <value>
                <![CDATA[Aa8452006027?]]>
              </value>
            </param>
          </params>
          <reporter-output>
          </reporter-output>
        </test-method> <!-- incorrectUserName -->
        <test-method status="PASS" signature="tearDown()[pri:0, instance:com.edcast.NegativeTestsEdcast@4909b8da]" name="tearDown" is-config="true" duration-ms="753" started-at="2019-03-21T07:33:44Z" finished-at="2019-03-21T07:33:45Z">
          <reporter-output>
          </reporter-output>
        </test-method> <!-- tearDown -->
      </class> <!-- com.edcast.NegativeTestsEdcast -->
    </test> <!-- NegativeTestsEdcast-FF -->
    <test name="ForgotPasswordEdcast-FF" duration-ms="15352" started-at="2019-03-21T07:33:45Z" finished-at="2019-03-21T07:34:00Z">
      <class name="com.edcast.ForgotPasswordEdcast">
        <test-method status="PASS" signature="setUp(java.lang.String)[pri:0, instance:com.edcast.ForgotPasswordEdcast@59e84876]" name="setUp" is-config="true" duration-ms="4327" started-at="2019-03-21T07:33:45Z" finished-at="2019-03-21T07:33:49Z">
          <params>
            <param index="0">
              <value>
                <![CDATA[chrome]]>
              </value>
            </param>
          </params>
          <reporter-output>
          </reporter-output>
        </test-method> <!-- setUp -->
        <test-method status="PASS" signature="logInTest(java.lang.String)[pri:0, instance:com.edcast.ForgotPasswordEdcast@59e84876]" name="logInTest" duration-ms="10240" started-at="2019-03-21T07:33:49Z" finished-at="2019-03-21T07:33:59Z">
          <params>
            <param index="0">
              <value>
                <![CDATA[fortest.andrew12@gmail.com]]>
              </value>
            </param>
          </params>
          <reporter-output>
          </reporter-output>
        </test-method> <!-- logInTest -->
        <test-method status="PASS" signature="tearDown()[pri:0, instance:com.edcast.ForgotPasswordEdcast@59e84876]" name="tearDown" is-config="true" duration-ms="784" started-at="2019-03-21T07:33:59Z" finished-at="2019-03-21T07:34:00Z">
          <reporter-output>
          </reporter-output>
        </test-method> <!-- tearDown -->
      </class> <!-- com.edcast.ForgotPasswordEdcast -->
    </test> <!-- ForgotPasswordEdcast-FF -->
    <test name="PositiveTestsEdcast-FF" duration-ms="15245" started-at="2019-03-21T07:34:00Z" finished-at="2019-03-21T07:34:15Z">
      <class name="com.edcast.PositiveTestsEdcast">
        <test-method status="PASS" signature="setUp(java.lang.String)[pri:0, instance:com.edcast.PositiveTestsEdcast@b97c004]" name="setUp" is-config="true" duration-ms="4277" started-at="2019-03-21T07:34:00Z" finished-at="2019-03-21T07:34:04Z">
          <params>
            <param index="0">
              <value>
                <![CDATA[chrome]]>
              </value>
            </param>
          </params>
          <reporter-output>
          </reporter-output>
        </test-method> <!-- setUp -->
        <test-method status="PASS" signature="correctUserName(java.lang.String, java.lang.String)[pri:0, instance:com.edcast.PositiveTestsEdcast@b97c004]" name="correctUserName" duration-ms="10247" started-at="2019-03-21T07:34:04Z" finished-at="2019-03-21T07:34:14Z">
          <params>
            <param index="0">
              <value>
                <![CDATA[fortest.andrew@gmail.com]]>
              </value>
            </param>
            <param index="1">
              <value>
                <![CDATA[Aa8452006027?]]>
              </value>
            </param>
          </params>
          <reporter-output>
          </reporter-output>
        </test-method> <!-- correctUserName -->
        <test-method status="PASS" signature="tearDown()[pri:0, instance:com.edcast.PositiveTestsEdcast@b97c004]" name="tearDown" is-config="true" duration-ms="720" started-at="2019-03-21T07:34:14Z" finished-at="2019-03-21T07:34:15Z">
          <reporter-output>
          </reporter-output>
        </test-method> <!-- tearDown -->
      </class> <!-- com.edcast.PositiveTestsEdcast -->
    </test> <!-- PositiveTestsEdcast-FF -->
  </suite> <!-- FirstTests -->
</testng-results>
